<?xml version="1.0" encoding="UTF-8"?>
<testsuite name="com.tup.buensabor.BuensaborApplicationTests" tests="1" skipped="0" failures="0" errors="0" timestamp="2023-10-25T21:52:17" hostname="MAR" time="1.241">
  <properties/>
  <testcase name="contextLoads()" classname="com.tup.buensabor.BuensaborApplicationTests" time="1.241"/>
  <system-out><![CDATA[18:52:10.269 [Test worker] INFO org.springframework.test.context.support.AnnotationConfigContextLoaderUtils -- Could not detect default configuration classes for test class [com.tup.buensabor.BuensaborApplicationTests]: BuensaborApplicationTests does not declare any static, non-private, non-final, nested classes annotated with @Configuration.
18:52:10.394 [Test worker] INFO org.springframework.boot.test.context.SpringBootTestContextBootstrapper -- Found @SpringBootConfiguration com.tup.buensabor.BuensaborApplication for test class com.tup.buensabor.BuensaborApplicationTests

  .   ____          _            __ _ _
 /\\ / ___'_ __ _ _(_)_ __  __ _ \ \ \ \
( ( )\___ | '_ | '_| | '_ \/ _` | \ \ \ \
 \\/  ___)| |_)| | | | | || (_| |  ) ) ) )
  '  |____| .__|_| |_|_| |_\__, | / / / /
 =========|_|==============|___/=/_/_/_/
 :: Spring Boot ::                (v3.1.3)

2023-10-25T18:52:10.974-03:00  INFO 13564 --- [    Test worker] c.t.buensabor.BuensaborApplicationTests  : Starting BuensaborApplicationTests using Java 17.0.8.1 with PID 13564 (started by marti in C:\Users\marti\Desktop\ESCUELA\uni\3ER AÑO\Desarrollo SW\JPA\ElBuenSabor-Reactionando-)
2023-10-25T18:52:10.976-03:00  INFO 13564 --- [    Test worker] c.t.buensabor.BuensaborApplicationTests  : No active profile set, falling back to 1 default profile: "default"
2023-10-25T18:52:12.176-03:00  INFO 13564 --- [    Test worker] .s.d.r.c.RepositoryConfigurationDelegate : Bootstrapping Spring Data JPA repositories in DEFAULT mode.
2023-10-25T18:52:12.410-03:00  INFO 13564 --- [    Test worker] .s.d.r.c.RepositoryConfigurationDelegate : Finished Spring Data repository scanning in 219 ms. Found 20 JPA repository interfaces.
2023-10-25T18:52:13.256-03:00  INFO 13564 --- [    Test worker] o.hibernate.jpa.internal.util.LogHelper  : HHH000204: Processing PersistenceUnitInfo [name: default]
2023-10-25T18:52:13.383-03:00  INFO 13564 --- [    Test worker] org.hibernate.Version                    : HHH000412: Hibernate ORM core version 6.2.7.Final
2023-10-25T18:52:13.387-03:00  INFO 13564 --- [    Test worker] org.hibernate.cfg.Environment            : HHH000406: Using bytecode reflection optimizer
2023-10-25T18:52:13.568-03:00  INFO 13564 --- [    Test worker] o.h.b.i.BytecodeProviderInitiator        : HHH000021: Bytecode provider name : bytebuddy
2023-10-25T18:52:13.747-03:00  INFO 13564 --- [    Test worker] o.s.o.j.p.SpringPersistenceUnitInfo      : No LoadTimeWeaver setup: ignoring JPA class transformer
2023-10-25T18:52:13.769-03:00  INFO 13564 --- [    Test worker] com.zaxxer.hikari.HikariDataSource       : HikariPool-1 - Starting...
2023-10-25T18:52:14.025-03:00  INFO 13564 --- [    Test worker] com.zaxxer.hikari.pool.HikariPool        : HikariPool-1 - Added connection conn0: url=jdbc:h2:mem:./betodb user=SA
2023-10-25T18:52:14.027-03:00  INFO 13564 --- [    Test worker] com.zaxxer.hikari.HikariDataSource       : HikariPool-1 - Start completed.
2023-10-25T18:52:14.312-03:00  WARN 13564 --- [    Test worker] o.h.boot.model.internal.EntityBinder     : HHH000139: Illegal use of @Table in a subclass of a SINGLE_TABLE hierarchy: com.tup.buensabor.entities.Factura
2023-10-25T18:52:14.326-03:00  WARN 13564 --- [    Test worker] o.h.boot.model.internal.EntityBinder     : HHH000139: Illegal use of @Table in a subclass of a SINGLE_TABLE hierarchy: com.tup.buensabor.entities.NotaCredito
2023-10-25T18:52:14.343-03:00  WARN 13564 --- [    Test worker] o.h.boot.model.internal.EntityBinder     : HHH000139: Illegal use of @Table in a subclass of a SINGLE_TABLE hierarchy: com.tup.buensabor.entities.ProductoCocina
2023-10-25T18:52:14.347-03:00  WARN 13564 --- [    Test worker] o.h.boot.model.internal.EntityBinder     : HHH000139: Illegal use of @Table in a subclass of a SINGLE_TABLE hierarchy: com.tup.buensabor.entities.ProductoInsumo
2023-10-25T18:52:14.440-03:00  INFO 13564 --- [    Test worker] o.h.b.i.BytecodeProviderInitiator        : HHH000021: Bytecode provider name : bytebuddy
2023-10-25T18:52:15.418-03:00  INFO 13564 --- [    Test worker] o.h.e.t.j.p.i.JtaPlatformInitiator       : HHH000490: Using JtaPlatform implementation: [org.hibernate.engine.transaction.jta.platform.internal.NoJtaPlatform]
2023-10-25T18:52:15.561-03:00  INFO 13564 --- [    Test worker] j.LocalContainerEntityManagerFactoryBean : Initialized JPA EntityManagerFactory for persistence unit 'default'
2023-10-25T18:52:16.024-03:00  INFO 13564 --- [    Test worker] o.s.d.j.r.query.QueryEnhancerFactory     : Hibernate is in classpath; If applicable, HQL parser will be used.
2023-10-25T18:52:17.028-03:00  WARN 13564 --- [    Test worker] JpaBaseConfiguration$JpaWebConfiguration : spring.jpa.open-in-view is enabled by default. Therefore, database queries may be performed during view rendering. Explicitly configure spring.jpa.open-in-view to disable this warning
2023-10-25T18:52:17.632-03:00  INFO 13564 --- [    Test worker] o.s.b.a.h2.H2ConsoleAutoConfiguration    : H2 console available at '/h2-console'. Database available at 'jdbc:h2:mem:./betodb'
2023-10-25T18:52:17.707-03:00  INFO 13564 --- [    Test worker] c.t.buensabor.BuensaborApplicationTests  : Started BuensaborApplicationTests in 7.044 seconds (process running for 8.849)
------------------------Estoy Funcionando------------------------
]]></system-out>
  <system-err><![CDATA[]]></system-err>
</testsuite>
